<?xml version="1.0" encoding="UTF-8"?>
<testng-results ignored="0" total="1" passed="1" failed="0" skipped="0">
  <reporter-output>
  </reporter-output>
  <suite started-at="2024-10-29T14:33:57 IST" name="Default suite" finished-at="2024-10-29T14:34:03 IST" duration-ms="5779">
    <groups>
    </groups>
    <test started-at="2024-10-29T14:33:57 IST" name="Default test" finished-at="2024-10-29T14:34:03 IST" duration-ms="5779">
      <class name="practice.responsevalidation.VerifyData_ComplexJsonXpath">
        <test-method signature="sampleTest()[pri:0, instance:practice.responsevalidation.VerifyData_ComplexJsonXpath@6c6cb480]" started-at="2024-10-29T14:33:57 IST" name="sampleTest" finished-at="2024-10-29T14:34:03 IST" duration-ms="5645" status="PASS">
          <reporter-output>
          </reporter-output>
        </test-method> <!-- sampleTest -->
      </class> <!-- practice.responsevalidation.VerifyData_ComplexJsonXpath -->
    </test> <!-- Default test -->
  </suite> <!-- Default suite -->
</testng-results>
